  igtlSocketTest.cxx
D:\STUDIUM\Term4\Project\Repo\OpenIGTLink\Testing\igtlSocketTest.cxx(66,16): error C2061: syntax error: identifier 'GetConnected'
D:\STUDIUM\Term4\Project\Repo\OpenIGTLink\Testing\igtlSocketTest.cxx(66,3): error C4430: missing type specifier - int assumed. Note: C++ does not support default-int
D:\STUDIUM\Term4\Project\Repo\OpenIGTLink\Testing\igtlSocketTest.cxx(66,3): warning C4183: 'MOCK_METHOD0': missing return type; assumed to be a member function returning 'int'
D:\STUDIUM\Term4\Project\Repo\OpenIGTLink\Testing\igtlSocketTest.cxx(67,16): error C2061: syntax error: identifier 'SetTimeout'
D:\STUDIUM\Term4\Project\Repo\OpenIGTLink\Testing\igtlSocketTest.cxx(67,3): error C4430: missing type specifier - int assumed. Note: C++ does not support default-int
D:\STUDIUM\Term4\Project\Repo\OpenIGTLink\Testing\igtlSocketTest.cxx(67,3): warning C4183: 'MOCK_METHOD1': missing return type; assumed to be a member function returning 'int'
D:\STUDIUM\Term4\Project\Repo\OpenIGTLink\Testing\igtlSocketTest.cxx(68,16): error C2061: syntax error: identifier 'SetReceiveTimeout'
D:\STUDIUM\Term4\Project\Repo\OpenIGTLink\Testing\igtlSocketTest.cxx(68,3): error C4430: missing type specifier - int assumed. Note: C++ does not support default-int
D:\STUDIUM\Term4\Project\Repo\OpenIGTLink\Testing\igtlSocketTest.cxx(68,3): error C2535: 'int SocketMock::MOCK_METHOD1(void)': member function already defined or declared
      D:\STUDIUM\Term4\Project\Repo\OpenIGTLink\Testing\igtlSocketTest.cxx(67,3):
      see declaration of 'SocketMock::MOCK_METHOD1'
  
D:\STUDIUM\Term4\Project\Repo\OpenIGTLink\Testing\igtlSocketTest.cxx(68,3): warning C4183: 'MOCK_METHOD1': missing return type; assumed to be a member function returning 'int'
D:\STUDIUM\Term4\Project\Repo\OpenIGTLink\Testing\igtlSocketTest.cxx(69,16): error C2061: syntax error: identifier 'SetSendTimeout'
D:\STUDIUM\Term4\Project\Repo\OpenIGTLink\Testing\igtlSocketTest.cxx(69,3): error C4430: missing type specifier - int assumed. Note: C++ does not support default-int
D:\STUDIUM\Term4\Project\Repo\OpenIGTLink\Testing\igtlSocketTest.cxx(69,3): error C2535: 'int SocketMock::MOCK_METHOD1(void)': member function already defined or declared
      D:\STUDIUM\Term4\Project\Repo\OpenIGTLink\Testing\igtlSocketTest.cxx(67,3):
      see declaration of 'SocketMock::MOCK_METHOD1'
  
D:\STUDIUM\Term4\Project\Repo\OpenIGTLink\Testing\igtlSocketTest.cxx(69,3): warning C4183: 'MOCK_METHOD1': missing return type; assumed to be a member function returning 'int'
D:\STUDIUM\Term4\Project\Repo\OpenIGTLink\Testing\igtlSocketTest.cxx(70,16): error C2061: syntax error: identifier 'SetReceiveBlocking'
D:\STUDIUM\Term4\Project\Repo\OpenIGTLink\Testing\igtlSocketTest.cxx(70,3): error C4430: missing type specifier - int assumed. Note: C++ does not support default-int
D:\STUDIUM\Term4\Project\Repo\OpenIGTLink\Testing\igtlSocketTest.cxx(70,3): error C2535: 'int SocketMock::MOCK_METHOD1(void)': member function already defined or declared
      D:\STUDIUM\Term4\Project\Repo\OpenIGTLink\Testing\igtlSocketTest.cxx(67,3):
      see declaration of 'SocketMock::MOCK_METHOD1'
  
D:\STUDIUM\Term4\Project\Repo\OpenIGTLink\Testing\igtlSocketTest.cxx(70,3): warning C4183: 'MOCK_METHOD1': missing return type; assumed to be a member function returning 'int'
D:\STUDIUM\Term4\Project\Repo\OpenIGTLink\Testing\igtlSocketTest.cxx(71,16): error C2061: syntax error: identifier 'SetSendBlocking'
D:\STUDIUM\Term4\Project\Repo\OpenIGTLink\Testing\igtlSocketTest.cxx(71,3): error C4430: missing type specifier - int assumed. Note: C++ does not support default-int
D:\STUDIUM\Term4\Project\Repo\OpenIGTLink\Testing\igtlSocketTest.cxx(71,3): error C2535: 'int SocketMock::MOCK_METHOD1(void)': member function already defined or declared
      D:\STUDIUM\Term4\Project\Repo\OpenIGTLink\Testing\igtlSocketTest.cxx(67,3):
      see declaration of 'SocketMock::MOCK_METHOD1'
  
D:\STUDIUM\Term4\Project\Repo\OpenIGTLink\Testing\igtlSocketTest.cxx(71,3): warning C4183: 'MOCK_METHOD1': missing return type; assumed to be a member function returning 'int'
D:\STUDIUM\Term4\Project\Repo\OpenIGTLink\Testing\igtlSocketTest.cxx(72,16): error C2061: syntax error: identifier 'Send'
D:\STUDIUM\Term4\Project\Repo\OpenIGTLink\Testing\igtlSocketTest.cxx(72,3): error C4430: missing type specifier - int assumed. Note: C++ does not support default-int
D:\STUDIUM\Term4\Project\Repo\OpenIGTLink\Testing\igtlSocketTest.cxx(72,3): warning C4183: 'MOCK_METHOD2': missing return type; assumed to be a member function returning 'int'
D:\STUDIUM\Term4\Project\Repo\OpenIGTLink\Testing\igtlSocketTest.cxx(73,16): error C2061: syntax error: identifier 'GetSocketAddressAndPort'
D:\STUDIUM\Term4\Project\Repo\OpenIGTLink\Testing\igtlSocketTest.cxx(73,3): error C4430: missing type specifier - int assumed. Note: C++ does not support default-int
D:\STUDIUM\Term4\Project\Repo\OpenIGTLink\Testing\igtlSocketTest.cxx(73,3): error C2535: 'int SocketMock::MOCK_METHOD2(void)': member function already defined or declared
      D:\STUDIUM\Term4\Project\Repo\OpenIGTLink\Testing\igtlSocketTest.cxx(72,3):
      see declaration of 'SocketMock::MOCK_METHOD2'
  
D:\STUDIUM\Term4\Project\Repo\OpenIGTLink\Testing\igtlSocketTest.cxx(73,3): warning C4183: 'MOCK_METHOD2': missing return type; assumed to be a member function returning 'int'
D:\STUDIUM\Term4\Project\Repo\OpenIGTLink\Testing\igtlSocketTest.cxx(74,16): error C2061: syntax error: identifier 'Skip'
D:\STUDIUM\Term4\Project\Repo\OpenIGTLink\Testing\igtlSocketTest.cxx(74,3): error C4430: missing type specifier - int assumed. Note: C++ does not support default-int
D:\STUDIUM\Term4\Project\Repo\OpenIGTLink\Testing\igtlSocketTest.cxx(74,3): error C2535: 'int SocketMock::MOCK_METHOD2(void)': member function already defined or declared
      D:\STUDIUM\Term4\Project\Repo\OpenIGTLink\Testing\igtlSocketTest.cxx(72,3):
      see declaration of 'SocketMock::MOCK_METHOD2'
  
D:\STUDIUM\Term4\Project\Repo\OpenIGTLink\Testing\igtlSocketTest.cxx(74,3): warning C4183: 'MOCK_METHOD2': missing return type; assumed to be a member function returning 'int'
D:\STUDIUM\Term4\Project\Repo\OpenIGTLink\Testing\igtlSocketTest.cxx(75,16): error C2061: syntax error: identifier 'Receive'
D:\STUDIUM\Term4\Project\Repo\OpenIGTLink\Testing\igtlSocketTest.cxx(75,3): error C4430: missing type specifier - int assumed. Note: C++ does not support default-int
D:\STUDIUM\Term4\Project\Repo\OpenIGTLink\Testing\igtlSocketTest.cxx(75,3): warning C4183: 'MOCK_METHOD3': missing return type; assumed to be a member function returning 'int'
D:\STUDIUM\Term4\Project\Repo\OpenIGTLink\Testing\igtlSocketTest.cxx(42,20): error C3861: 'GetConnected': identifier not found
D:\STUDIUM\Term4\Project\Repo\OpenIGTLink\Testing\igtlSocketTest.cxx(42,5): error C3861: 'ON_CALL': identifier not found
D:\STUDIUM\Term4\Project\Repo\OpenIGTLink\Testing\igtlSocketTest.cxx(43,22): error C3861: 'Invoke': identifier not found
D:\STUDIUM\Term4\Project\Repo\OpenIGTLink\Testing\igtlSocketTest.cxx(44,25): error C2065: '_': undeclared identifier
D:\STUDIUM\Term4\Project\Repo\OpenIGTLink\Testing\igtlSocketTest.cxx(44,27): error C2065: '_': undeclared identifier
D:\STUDIUM\Term4\Project\Repo\OpenIGTLink\Testing\igtlSocketTest.cxx(44,20): error C3861: 'Send': identifier not found
D:\STUDIUM\Term4\Project\Repo\OpenIGTLink\Testing\igtlSocketTest.cxx(44,5): error C3861: 'ON_CALL': identifier not found
D:\STUDIUM\Term4\Project\Repo\OpenIGTLink\Testing\igtlSocketTest.cxx(45,22): error C3861: 'Invoke': identifier not found
D:\STUDIUM\Term4\Project\Repo\OpenIGTLink\Testing\igtlSocketTest.cxx(46,28): error C2065: '_': undeclared identifier
D:\STUDIUM\Term4\Project\Repo\OpenIGTLink\Testing\igtlSocketTest.cxx(46,30): error C2065: '_': undeclared identifier
D:\STUDIUM\Term4\Project\Repo\OpenIGTLink\Testing\igtlSocketTest.cxx(46,32): error C2065: '_': undeclared identifier
D:\STUDIUM\Term4\Project\Repo\OpenIGTLink\Testing\igtlSocketTest.cxx(46,20): error C3861: 'Receive': identifier not found
D:\STUDIUM\Term4\Project\Repo\OpenIGTLink\Testing\igtlSocketTest.cxx(46,5): error C3861: 'ON_CALL': identifier not found
D:\STUDIUM\Term4\Project\Repo\OpenIGTLink\Testing\igtlSocketTest.cxx(47,22): error C3861: 'Invoke': identifier not found
D:\STUDIUM\Term4\Project\Repo\OpenIGTLink\Testing\igtlSocketTest.cxx(48,31): error C2065: '_': undeclared identifier
D:\STUDIUM\Term4\Project\Repo\OpenIGTLink\Testing\igtlSocketTest.cxx(48,20): error C3861: 'SetTimeout': identifier not found
D:\STUDIUM\Term4\Project\Repo\OpenIGTLink\Testing\igtlSocketTest.cxx(48,5): error C3861: 'ON_CALL': identifier not found
D:\STUDIUM\Term4\Project\Repo\OpenIGTLink\Testing\igtlSocketTest.cxx(49,22): error C3861: 'Invoke': identifier not found
D:\STUDIUM\Term4\Project\Repo\OpenIGTLink\Testing\igtlSocketTest.cxx(50,38): error C2065: '_': undeclared identifier
D:\STUDIUM\Term4\Project\Repo\OpenIGTLink\Testing\igtlSocketTest.cxx(50,20): error C3861: 'SetReceiveTimeout': identifier not found
D:\STUDIUM\Term4\Project\Repo\OpenIGTLink\Testing\igtlSocketTest.cxx(50,5): error C3861: 'ON_CALL': identifier not found
D:\STUDIUM\Term4\Project\Repo\OpenIGTLink\Testing\igtlSocketTest.cxx(51,22): error C3861: 'Invoke': identifier not found
D:\STUDIUM\Term4\Project\Repo\OpenIGTLink\Testing\igtlSocketTest.cxx(52,35): error C2065: '_': undeclared identifier
D:\STUDIUM\Term4\Project\Repo\OpenIGTLink\Testing\igtlSocketTest.cxx(52,20): error C3861: 'SetSendTimeout': identifier not found
D:\STUDIUM\Term4\Project\Repo\OpenIGTLink\Testing\igtlSocketTest.cxx(52,5): error C3861: 'ON_CALL': identifier not found
D:\STUDIUM\Term4\Project\Repo\OpenIGTLink\Testing\igtlSocketTest.cxx(53,22): error C3861: 'Invoke': identifier not found
D:\STUDIUM\Term4\Project\Repo\OpenIGTLink\Testing\igtlSocketTest.cxx(54,39): error C2065: '_': undeclared identifier
D:\STUDIUM\Term4\Project\Repo\OpenIGTLink\Testing\igtlSocketTest.cxx(54,20): error C3861: 'SetReceiveBlocking': identifier not found
D:\STUDIUM\Term4\Project\Repo\OpenIGTLink\Testing\igtlSocketTest.cxx(54,5): error C3861: 'ON_CALL': identifier not found
D:\STUDIUM\Term4\Project\Repo\OpenIGTLink\Testing\igtlSocketTest.cxx(55,22): error C3861: 'Invoke': identifier not found
D:\STUDIUM\Term4\Project\Repo\OpenIGTLink\Testing\igtlSocketTest.cxx(56,36): error C2065: '_': undeclared identifier
D:\STUDIUM\Term4\Project\Repo\OpenIGTLink\Testing\igtlSocketTest.cxx(56,20): error C3861: 'SetSendBlocking': identifier not found
D:\STUDIUM\Term4\Project\Repo\OpenIGTLink\Testing\igtlSocketTest.cxx(56,5): error C3861: 'ON_CALL': identifier not found
D:\STUDIUM\Term4\Project\Repo\OpenIGTLink\Testing\igtlSocketTest.cxx(57,22): error C3861: 'Invoke': identifier not found
D:\STUDIUM\Term4\Project\Repo\OpenIGTLink\Testing\igtlSocketTest.cxx(58,44): error C2065: '_': undeclared identifier
D:\STUDIUM\Term4\Project\Repo\OpenIGTLink\Testing\igtlSocketTest.cxx(58,46): error C2065: '_': undeclared identifier
D:\STUDIUM\Term4\Project\Repo\OpenIGTLink\Testing\igtlSocketTest.cxx(58,20): error C3861: 'GetSocketAddressAndPort': identifier not found
D:\STUDIUM\Term4\Project\Repo\OpenIGTLink\Testing\igtlSocketTest.cxx(58,5): error C3861: 'ON_CALL': identifier not found
D:\STUDIUM\Term4\Project\Repo\OpenIGTLink\Testing\igtlSocketTest.cxx(59,22): error C3861: 'Invoke': identifier not found
D:\STUDIUM\Term4\Project\Repo\OpenIGTLink\Testing\igtlSocketTest.cxx(60,25): error C2065: '_': undeclared identifier
D:\STUDIUM\Term4\Project\Repo\OpenIGTLink\Testing\igtlSocketTest.cxx(60,27): error C2065: '_': undeclared identifier
D:\STUDIUM\Term4\Project\Repo\OpenIGTLink\Testing\igtlSocketTest.cxx(60,20): error C3861: 'Skip': identifier not found
D:\STUDIUM\Term4\Project\Repo\OpenIGTLink\Testing\igtlSocketTest.cxx(60,5): error C3861: 'ON_CALL': identifier not found
D:\STUDIUM\Term4\Project\Repo\OpenIGTLink\Testing\igtlSocketTest.cxx(61,22): error C3861: 'Invoke': identifier not found
D:\STUDIUM\Term4\Project\Repo\OpenIGTLink\Testing\igtlSocketTest.cxx(109,27): error C3861: 'GetConnected': identifier not found
D:\STUDIUM\Term4\Project\Repo\OpenIGTLink\Testing\igtlSocketTest.cxx(109,3): error C3861: 'EXPECT_CALL': identifier not found
D:\STUDIUM\Term4\Project\Repo\OpenIGTLink\Testing\igtlSocketTest.cxx(111,32): error C2065: '_': undeclared identifier
D:\STUDIUM\Term4\Project\Repo\OpenIGTLink\Testing\igtlSocketTest.cxx(111,34): error C2065: '_': undeclared identifier
D:\STUDIUM\Term4\Project\Repo\OpenIGTLink\Testing\igtlSocketTest.cxx(111,27): error C3861: 'Send': identifier not found
D:\STUDIUM\Term4\Project\Repo\OpenIGTLink\Testing\igtlSocketTest.cxx(111,3): error C3861: 'EXPECT_CALL': identifier not found
D:\STUDIUM\Term4\Project\Repo\OpenIGTLink\Testing\igtlSocketTest.cxx(113,35): error C2065: '_': undeclared identifier
D:\STUDIUM\Term4\Project\Repo\OpenIGTLink\Testing\igtlSocketTest.cxx(113,37): error C2065: '_': undeclared identifier
D:\STUDIUM\Term4\Project\Repo\OpenIGTLink\Testing\igtlSocketTest.cxx(113,39): error C2065: '_': undeclared identifier
D:\STUDIUM\Term4\Project\Repo\OpenIGTLink\Testing\igtlSocketTest.cxx(113,27): error C3861: 'Receive': identifier not found
D:\STUDIUM\Term4\Project\Repo\OpenIGTLink\Testing\igtlSocketTest.cxx(113,3): error C3861: 'EXPECT_CALL': identifier not found
D:\STUDIUM\Term4\Project\Repo\OpenIGTLink\Testing\igtlSocketTest.cxx(114,38): error C2065: '_': undeclared identifier
D:\STUDIUM\Term4\Project\Repo\OpenIGTLink\Testing\igtlSocketTest.cxx(114,27): error C3861: 'SetTimeout': identifier not found
D:\STUDIUM\Term4\Project\Repo\OpenIGTLink\Testing\igtlSocketTest.cxx(114,3): error C3861: 'EXPECT_CALL': identifier not found
D:\STUDIUM\Term4\Project\Repo\OpenIGTLink\Testing\igtlSocketTest.cxx(115,42): error C2065: '_': undeclared identifier
D:\STUDIUM\Term4\Project\Repo\OpenIGTLink\Testing\igtlSocketTest.cxx(115,27): error C3861: 'SetSendTimeout': identifier not found
D:\STUDIUM\Term4\Project\Repo\OpenIGTLink\Testing\igtlSocketTest.cxx(115,3): error C3861: 'EXPECT_CALL': identifier not found
D:\STUDIUM\Term4\Project\Repo\OpenIGTLink\Testing\igtlSocketTest.cxx(118,26): error C2039: 'GetConnected': is not a member of 'SocketMock'
      D:\STUDIUM\Term4\Project\Repo\OpenIGTLink\Testing\igtlSocketTest.cxx(37,7):
      see declaration of 'SocketMock'
  
D:\STUDIUM\Term4\Project\Repo\OpenIGTLink\Testing\igtlSocketTest.cxx(118,5): error C3861: 'EXPECT_GT': identifier not found
D:\STUDIUM\Term4\Project\Repo\OpenIGTLink\Testing\igtlSocketTest.cxx(124,27): error C2039: 'Receive': is not a member of 'SocketMock'
      D:\STUDIUM\Term4\Project\Repo\OpenIGTLink\Testing\igtlSocketTest.cxx(37,7):
      see declaration of 'SocketMock'
  
D:\STUDIUM\Term4\Project\Repo\OpenIGTLink\Testing\igtlSocketTest.cxx(141,20): error C2039: 'Receive': is not a member of 'SocketMock'
      D:\STUDIUM\Term4\Project\Repo\OpenIGTLink\Testing\igtlSocketTest.cxx(37,7):
      see declaration of 'SocketMock'
  
D:\STUDIUM\Term4\Project\Repo\OpenIGTLink\Testing\igtlSocketTest.cxx(159,26): error C2039: 'Send': is not a member of 'SocketMock'
      D:\STUDIUM\Term4\Project\Repo\OpenIGTLink\Testing\igtlSocketTest.cxx(37,7):
      see declaration of 'SocketMock'
  
D:\STUDIUM\Term4\Project\Repo\OpenIGTLink\Testing\igtlSocketTest.cxx(178,5): error C2355: 'this': can only be referenced inside non-static member functions or non-static data member initializers
D:\STUDIUM\Term4\Project\Repo\OpenIGTLink\Testing\igtlSocketTest.cxx(178,5): error C2561: 'TestThreadFunction': function must return a value
      D:\STUDIUM\Term4\Project\Repo\OpenIGTLink\Testing\igtlSocketTest.cxx(101,7):
      see declaration of 'TestThreadFunction'
  
D:\STUDIUM\Term4\Project\Repo\OpenIGTLink\Testing\igtlSocketTest.cxx(178,24): error C2059: syntax error: '<<'
D:\STUDIUM\Term4\Project\Repo\OpenIGTLink\Testing\igtlSocketTest.cxx(217,28): error C2664: 'igtlUint64 igtl::Socket::Receive(void *,igtlUint64,bool &,int)': cannot convert argument 3 from 'int' to 'bool &'
      D:\STUDIUM\Term4\Project\Repo\OpenIGTLink\Source\igtlSocket.h(92,14):
      see declaration of 'igtl::Socket::Receive'
      D:\STUDIUM\Term4\Project\Repo\OpenIGTLink\Testing\igtlSocketTest.cxx(217,28):
      while trying to match the argument list '(void *, igtl_uint64, int)'
  
D:\STUDIUM\Term4\Project\Repo\OpenIGTLink\Testing\igtlSocketTest.cxx(264,11): error C2664: 'igtlUint64 igtl::Socket::Receive(void *,igtlUint64,bool &,int)': cannot convert argument 3 from 'int' to 'bool &'
      D:\STUDIUM\Term4\Project\Repo\OpenIGTLink\Source\igtlSocket.h(92,14):
      see declaration of 'igtl::Socket::Receive'
      D:\STUDIUM\Term4\Project\Repo\OpenIGTLink\Testing\igtlSocketTest.cxx(264,11):
      while trying to match the argument list '(void *, igtl_uint64, int)'
  
D:\STUDIUM\Term4\Project\Repo\OpenIGTLink\Testing\igtlSocketTest.cxx(273,5): error C2355: 'this': can only be referenced inside non-static member functions or non-static data member initializers
D:\STUDIUM\Term4\Project\Repo\OpenIGTLink\Testing\igtlSocketTest.cxx(273,5): error C2561: 'ReceiveQuaternionTrackingData': function must return a value
      D:\STUDIUM\Term4\Project\Repo\OpenIGTLink\Testing\igtlSocketTest.cxx(251,5):
      see declaration of 'ReceiveQuaternionTrackingData'
  
